<?xml version="1.0" encoding="utf-8"?>
<TestRun id="b547a14a-123f-4efe-bc20-6ab7f88fcc40" name="@joao-ThinkPad-E14 2025-10-01 13:36:46" xmlns="http://microsoft.com/schemas/VisualStudio/TeamTest/2010">
  <Times creation="2025-10-01T13:36:46.6414658-03:00" queuing="2025-10-01T13:36:46.6414659-03:00" start="2025-10-01T13:36:45.6577661-03:00" finish="2025-10-01T13:36:46.7045937-03:00" />
  <TestSettings name="default" id="61294078-ef94-4d12-a4e3-34d6d81a550a">
    <Deployment runDeploymentRoot="_joao-ThinkPad-E14_2025-10-01_13_36_46" />
  </TestSettings>
  <Results>
    <UnitTestResult executionId="bf9184b1-ed57-4c35-b6df-d84cd30e36c3" testId="3329ddbe-f6fc-a3e6-0c1b-9f390feeacff" testName="SistemaBancario.Aplicacao.Tests.Servicos.ServicoContaTests.CriarAsync_ContaJaExiste_DeveDesfazerTransacao" computerName="joao-ThinkPad-E14" duration="00:00:00.0335837" startTime="2025-10-01T13:36:46.4847042-03:00" endTime="2025-10-01T13:36:46.4848208-03:00" testType="13cdc9d9-ddb5-4fa4-a97d-d965ccfc6d4b" outcome="Passed" testListId="8c84fa94-04c1-424b-9868-57a2d4851a1d" relativeResultsDirectory="bf9184b1-ed57-4c35-b6df-d84cd30e36c3" />
    <UnitTestResult executionId="6ce9a15f-ed15-44ef-be37-51a18c551880" testId="1ca11f51-d138-15b8-2e0c-cb32a5bfab5f" testName="SistemaBancario.Aplicacao.Tests.Servicos.ServicoContaTests.ObterPorNumeroAsync_ContaExistente_DeveRetornarDto" computerName="joao-ThinkPad-E14" duration="00:00:00.0111318" startTime="2025-10-01T13:36:46.5030035-03:00" endTime="2025-10-01T13:36:46.5030036-03:00" testType="13cdc9d9-ddb5-4fa4-a97d-d965ccfc6d4b" outcome="Passed" testListId="8c84fa94-04c1-424b-9868-57a2d4851a1d" relativeResultsDirectory="6ce9a15f-ed15-44ef-be37-51a18c551880" />
    <UnitTestResult executionId="53335071-7528-4665-911e-ecabd58934b7" testId="0fe48870-273a-e82a-1171-93f56c70921d" testName="SistemaBancario.Aplicacao.Tests.Servicos.ServicoTransferenciaTests.TransferirAsync_MesmaConta_DeveDesfazerTransacao" computerName="joao-ThinkPad-E14" duration="00:00:00.0043980" startTime="2025-10-01T13:36:46.5020683-03:00" endTime="2025-10-01T13:36:46.5020685-03:00" testType="13cdc9d9-ddb5-4fa4-a97d-d965ccfc6d4b" outcome="Passed" testListId="8c84fa94-04c1-424b-9868-57a2d4851a1d" relativeResultsDirectory="53335071-7528-4665-911e-ecabd58934b7" />
    <UnitTestResult executionId="225662c3-9562-4b8a-b796-3aa91bcfd8a8" testId="e1353cfc-be1e-8edb-0de9-5e3b471b49f2" testName="SistemaBancario.Aplicacao.Tests.Servicos.ServicoTransferenciaTests.TransferirAsync_SaldoInsuficiente_DeveDesfazerTransacao" computerName="joao-ThinkPad-E14" duration="00:00:00.0347103" startTime="2025-10-01T13:36:46.4977870-03:00" endTime="2025-10-01T13:36:46.4977871-03:00" testType="13cdc9d9-ddb5-4fa4-a97d-d965ccfc6d4b" outcome="Passed" testListId="8c84fa94-04c1-424b-9868-57a2d4851a1d" relativeResultsDirectory="225662c3-9562-4b8a-b796-3aa91bcfd8a8" />
    <UnitTestResult executionId="99ed28ce-8fa0-4114-ae69-075fe2885996" testId="de846eb3-a8fb-c55d-11b3-f15bbf19723f" testName="SistemaBancario.Aplicacao.Tests.Servicos.ServicoContaTests.CriarAsync_ContaInexistente_DevePersistirEConfirmarTransacao" computerName="joao-ThinkPad-E14" duration="00:00:00.0020720" startTime="2025-10-01T13:36:46.5898336-03:00" endTime="2025-10-01T13:36:46.5898337-03:00" testType="13cdc9d9-ddb5-4fa4-a97d-d965ccfc6d4b" outcome="Passed" testListId="8c84fa94-04c1-424b-9868-57a2d4851a1d" relativeResultsDirectory="99ed28ce-8fa0-4114-ae69-075fe2885996" />
    <UnitTestResult executionId="cbd5e647-c13a-4fba-b23e-8c1bf911c6f5" testId="84f7cb45-277b-8fa5-f950-9af858c9fb7d" testName="SistemaBancario.Aplicacao.Tests.Servicos.ServicoTransferenciaTests.TransferirAsync_ContaOrigemInexistente_DeveDesfazerTransacao" computerName="joao-ThinkPad-E14" duration="00:00:00.0033951" startTime="2025-10-01T13:36:46.5028744-03:00" endTime="2025-10-01T13:36:46.5028745-03:00" testType="13cdc9d9-ddb5-4fa4-a97d-d965ccfc6d4b" outcome="Passed" testListId="8c84fa94-04c1-424b-9868-57a2d4851a1d" relativeResultsDirectory="cbd5e647-c13a-4fba-b23e-8c1bf911c6f5" />
    <UnitTestResult executionId="60cbd7cc-f698-4c2f-9b62-7d18f69565a0" testId="4fc5e736-fee4-444d-ad95-54097cb4c5f3" testName="SistemaBancario.Aplicacao.Tests.Servicos.ServicoTransferenciaTests.TransferirAsync_DadosValidos_DeveDebitarCreditarEPersistir" computerName="joao-ThinkPad-E14" duration="00:00:00.0085750" startTime="2025-10-01T13:36:46.5032135-03:00" endTime="2025-10-01T13:36:46.5032136-03:00" testType="13cdc9d9-ddb5-4fa4-a97d-d965ccfc6d4b" outcome="Passed" testListId="8c84fa94-04c1-424b-9868-57a2d4851a1d" relativeResultsDirectory="60cbd7cc-f698-4c2f-9b62-7d18f69565a0" />
    <UnitTestResult executionId="0b9fc912-6fe4-41b9-957b-23b41d2a70e8" testId="bbd66be9-1dc4-92d0-a2a0-1b21635be657" testName="SistemaBancario.Aplicacao.Tests.Servicos.ServicoContaTests.ObterPorNumeroAsync_ContaInexistente_DeveRetornarNull" computerName="joao-ThinkPad-E14" duration="00:00:00.0029298" startTime="2025-10-01T13:36:46.5031052-03:00" endTime="2025-10-01T13:36:46.5031053-03:00" testType="13cdc9d9-ddb5-4fa4-a97d-d965ccfc6d4b" outcome="Passed" testListId="8c84fa94-04c1-424b-9868-57a2d4851a1d" relativeResultsDirectory="0b9fc912-6fe4-41b9-957b-23b41d2a70e8" />
    <UnitTestResult executionId="e3c84719-3c63-4c83-a134-8197b015df9f" testId="2ee8a604-c323-e508-4304-669bc2d9e971" testName="SistemaBancario.Aplicacao.Tests.Servicos.ServicoContaTests.ListarAsync_DeveRetornarDtosMapeados" computerName="joao-ThinkPad-E14" duration="00:00:00.0071242" startTime="2025-10-01T13:36:46.5050041-03:00" endTime="2025-10-01T13:36:46.5050042-03:00" testType="13cdc9d9-ddb5-4fa4-a97d-d965ccfc6d4b" outcome="Passed" testListId="8c84fa94-04c1-424b-9868-57a2d4851a1d" relativeResultsDirectory="e3c84719-3c63-4c83-a134-8197b015df9f" />
    <UnitTestResult executionId="34246961-7d7b-487a-ac9f-8cd2ff4048c1" testId="c80877f6-18f8-216e-baf6-d96aed9d9f70" testName="SistemaBancario.Aplicacao.Tests.Servicos.ServicoTransferenciaTests.TransferirAsync_ContaDestinoInexistente_DeveDesfazerTransacao" computerName="joao-ThinkPad-E14" duration="00:00:00.0020840" startTime="2025-10-01T13:36:46.5033179-03:00" endTime="2025-10-01T13:36:46.5033180-03:00" testType="13cdc9d9-ddb5-4fa4-a97d-d965ccfc6d4b" outcome="Passed" testListId="8c84fa94-04c1-424b-9868-57a2d4851a1d" relativeResultsDirectory="34246961-7d7b-487a-ac9f-8cd2ff4048c1" />
  </Results>
  <TestDefinitions>
    <UnitTest name="SistemaBancario.Aplicacao.Tests.Servicos.ServicoContaTests.CriarAsync_ContaJaExiste_DeveDesfazerTransacao" storage="/home/joao/sources/treinamento/cleanarch-dotnet/sistemabancario.aplicacao.tests/bin/release/net9.0/sistemabancario.aplicacao.tests.dll" id="3329ddbe-f6fc-a3e6-0c1b-9f390feeacff">
      <Execution id="bf9184b1-ed57-4c35-b6df-d84cd30e36c3" />
      <TestMethod codeBase="/home/joao/sources/treinamento/cleanarch-dotnet/SistemaBancario.Aplicacao.Tests/bin/Release/net9.0/SistemaBancario.Aplicacao.Tests.dll" adapterTypeName="executor://xunit/VsTestRunner2/netcoreapp" className="SistemaBancario.Aplicacao.Tests.Servicos.ServicoContaTests" name="CriarAsync_ContaJaExiste_DeveDesfazerTransacao" />
    </UnitTest>
    <UnitTest name="SistemaBancario.Aplicacao.Tests.Servicos.ServicoContaTests.ObterPorNumeroAsync_ContaExistente_DeveRetornarDto" storage="/home/joao/sources/treinamento/cleanarch-dotnet/sistemabancario.aplicacao.tests/bin/release/net9.0/sistemabancario.aplicacao.tests.dll" id="1ca11f51-d138-15b8-2e0c-cb32a5bfab5f">
      <Execution id="6ce9a15f-ed15-44ef-be37-51a18c551880" />
      <TestMethod codeBase="/home/joao/sources/treinamento/cleanarch-dotnet/SistemaBancario.Aplicacao.Tests/bin/Release/net9.0/SistemaBancario.Aplicacao.Tests.dll" adapterTypeName="executor://xunit/VsTestRunner2/netcoreapp" className="SistemaBancario.Aplicacao.Tests.Servicos.ServicoContaTests" name="ObterPorNumeroAsync_ContaExistente_DeveRetornarDto" />
    </UnitTest>
    <UnitTest name="SistemaBancario.Aplicacao.Tests.Servicos.ServicoContaTests.ListarAsync_DeveRetornarDtosMapeados" storage="/home/joao/sources/treinamento/cleanarch-dotnet/sistemabancario.aplicacao.tests/bin/release/net9.0/sistemabancario.aplicacao.tests.dll" id="2ee8a604-c323-e508-4304-669bc2d9e971">
      <Execution id="e3c84719-3c63-4c83-a134-8197b015df9f" />
      <TestMethod codeBase="/home/joao/sources/treinamento/cleanarch-dotnet/SistemaBancario.Aplicacao.Tests/bin/Release/net9.0/SistemaBancario.Aplicacao.Tests.dll" adapterTypeName="executor://xunit/VsTestRunner2/netcoreapp" className="SistemaBancario.Aplicacao.Tests.Servicos.ServicoContaTests" name="ListarAsync_DeveRetornarDtosMapeados" />
    </UnitTest>
    <UnitTest name="SistemaBancario.Aplicacao.Tests.Servicos.ServicoTransferenciaTests.TransferirAsync_ContaDestinoInexistente_DeveDesfazerTransacao" storage="/home/joao/sources/treinamento/cleanarch-dotnet/sistemabancario.aplicacao.tests/bin/release/net9.0/sistemabancario.aplicacao.tests.dll" id="c80877f6-18f8-216e-baf6-d96aed9d9f70">
      <Execution id="34246961-7d7b-487a-ac9f-8cd2ff4048c1" />
      <TestMethod codeBase="/home/joao/sources/treinamento/cleanarch-dotnet/SistemaBancario.Aplicacao.Tests/bin/Release/net9.0/SistemaBancario.Aplicacao.Tests.dll" adapterTypeName="executor://xunit/VsTestRunner2/netcoreapp" className="SistemaBancario.Aplicacao.Tests.Servicos.ServicoTransferenciaTests" name="TransferirAsync_ContaDestinoInexistente_DeveDesfazerTransacao" />
    </UnitTest>
    <UnitTest name="SistemaBancario.Aplicacao.Tests.Servicos.ServicoTransferenciaTests.TransferirAsync_ContaOrigemInexistente_DeveDesfazerTransacao" storage="/home/joao/sources/treinamento/cleanarch-dotnet/sistemabancario.aplicacao.tests/bin/release/net9.0/sistemabancario.aplicacao.tests.dll" id="84f7cb45-277b-8fa5-f950-9af858c9fb7d">
      <Execution id="cbd5e647-c13a-4fba-b23e-8c1bf911c6f5" />
      <TestMethod codeBase="/home/joao/sources/treinamento/cleanarch-dotnet/SistemaBancario.Aplicacao.Tests/bin/Release/net9.0/SistemaBancario.Aplicacao.Tests.dll" adapterTypeName="executor://xunit/VsTestRunner2/netcoreapp" className="SistemaBancario.Aplicacao.Tests.Servicos.ServicoTransferenciaTests" name="TransferirAsync_ContaOrigemInexistente_DeveDesfazerTransacao" />
    </UnitTest>
    <UnitTest name="SistemaBancario.Aplicacao.Tests.Servicos.ServicoContaTests.CriarAsync_ContaInexistente_DevePersistirEConfirmarTransacao" storage="/home/joao/sources/treinamento/cleanarch-dotnet/sistemabancario.aplicacao.tests/bin/release/net9.0/sistemabancario.aplicacao.tests.dll" id="de846eb3-a8fb-c55d-11b3-f15bbf19723f">
      <Execution id="99ed28ce-8fa0-4114-ae69-075fe2885996" />
      <TestMethod codeBase="/home/joao/sources/treinamento/cleanarch-dotnet/SistemaBancario.Aplicacao.Tests/bin/Release/net9.0/SistemaBancario.Aplicacao.Tests.dll" adapterTypeName="executor://xunit/VsTestRunner2/netcoreapp" className="SistemaBancario.Aplicacao.Tests.Servicos.ServicoContaTests" name="CriarAsync_ContaInexistente_DevePersistirEConfirmarTransacao" />
    </UnitTest>
    <UnitTest name="SistemaBancario.Aplicacao.Tests.Servicos.ServicoContaTests.ObterPorNumeroAsync_ContaInexistente_DeveRetornarNull" storage="/home/joao/sources/treinamento/cleanarch-dotnet/sistemabancario.aplicacao.tests/bin/release/net9.0/sistemabancario.aplicacao.tests.dll" id="bbd66be9-1dc4-92d0-a2a0-1b21635be657">
      <Execution id="0b9fc912-6fe4-41b9-957b-23b41d2a70e8" />
      <TestMethod codeBase="/home/joao/sources/treinamento/cleanarch-dotnet/SistemaBancario.Aplicacao.Tests/bin/Release/net9.0/SistemaBancario.Aplicacao.Tests.dll" adapterTypeName="executor://xunit/VsTestRunner2/netcoreapp" className="SistemaBancario.Aplicacao.Tests.Servicos.ServicoContaTests" name="ObterPorNumeroAsync_ContaInexistente_DeveRetornarNull" />
    </UnitTest>
    <UnitTest name="SistemaBancario.Aplicacao.Tests.Servicos.ServicoTransferenciaTests.TransferirAsync_DadosValidos_DeveDebitarCreditarEPersistir" storage="/home/joao/sources/treinamento/cleanarch-dotnet/sistemabancario.aplicacao.tests/bin/release/net9.0/sistemabancario.aplicacao.tests.dll" id="4fc5e736-fee4-444d-ad95-54097cb4c5f3">
      <Execution id="60cbd7cc-f698-4c2f-9b62-7d18f69565a0" />
      <TestMethod codeBase="/home/joao/sources/treinamento/cleanarch-dotnet/SistemaBancario.Aplicacao.Tests/bin/Release/net9.0/SistemaBancario.Aplicacao.Tests.dll" adapterTypeName="executor://xunit/VsTestRunner2/netcoreapp" className="SistemaBancario.Aplicacao.Tests.Servicos.ServicoTransferenciaTests" name="TransferirAsync_DadosValidos_DeveDebitarCreditarEPersistir" />
    </UnitTest>
    <UnitTest name="SistemaBancario.Aplicacao.Tests.Servicos.ServicoTransferenciaTests.TransferirAsync_MesmaConta_DeveDesfazerTransacao" storage="/home/joao/sources/treinamento/cleanarch-dotnet/sistemabancario.aplicacao.tests/bin/release/net9.0/sistemabancario.aplicacao.tests.dll" id="0fe48870-273a-e82a-1171-93f56c70921d">
      <Execution id="53335071-7528-4665-911e-ecabd58934b7" />
      <TestMethod codeBase="/home/joao/sources/treinamento/cleanarch-dotnet/SistemaBancario.Aplicacao.Tests/bin/Release/net9.0/SistemaBancario.Aplicacao.Tests.dll" adapterTypeName="executor://xunit/VsTestRunner2/netcoreapp" className="SistemaBancario.Aplicacao.Tests.Servicos.ServicoTransferenciaTests" name="TransferirAsync_MesmaConta_DeveDesfazerTransacao" />
    </UnitTest>
    <UnitTest name="SistemaBancario.Aplicacao.Tests.Servicos.ServicoTransferenciaTests.TransferirAsync_SaldoInsuficiente_DeveDesfazerTransacao" storage="/home/joao/sources/treinamento/cleanarch-dotnet/sistemabancario.aplicacao.tests/bin/release/net9.0/sistemabancario.aplicacao.tests.dll" id="e1353cfc-be1e-8edb-0de9-5e3b471b49f2">
      <Execution id="225662c3-9562-4b8a-b796-3aa91bcfd8a8" />
      <TestMethod codeBase="/home/joao/sources/treinamento/cleanarch-dotnet/SistemaBancario.Aplicacao.Tests/bin/Release/net9.0/SistemaBancario.Aplicacao.Tests.dll" adapterTypeName="executor://xunit/VsTestRunner2/netcoreapp" className="SistemaBancario.Aplicacao.Tests.Servicos.ServicoTransferenciaTests" name="TransferirAsync_SaldoInsuficiente_DeveDesfazerTransacao" />
    </UnitTest>
  </TestDefinitions>
  <TestEntries>
    <TestEntry testId="3329ddbe-f6fc-a3e6-0c1b-9f390feeacff" executionId="bf9184b1-ed57-4c35-b6df-d84cd30e36c3" testListId="8c84fa94-04c1-424b-9868-57a2d4851a1d" />
    <TestEntry testId="1ca11f51-d138-15b8-2e0c-cb32a5bfab5f" executionId="6ce9a15f-ed15-44ef-be37-51a18c551880" testListId="8c84fa94-04c1-424b-9868-57a2d4851a1d" />
    <TestEntry testId="0fe48870-273a-e82a-1171-93f56c70921d" executionId="53335071-7528-4665-911e-ecabd58934b7" testListId="8c84fa94-04c1-424b-9868-57a2d4851a1d" />
    <TestEntry testId="e1353cfc-be1e-8edb-0de9-5e3b471b49f2" executionId="225662c3-9562-4b8a-b796-3aa91bcfd8a8" testListId="8c84fa94-04c1-424b-9868-57a2d4851a1d" />
    <TestEntry testId="de846eb3-a8fb-c55d-11b3-f15bbf19723f" executionId="99ed28ce-8fa0-4114-ae69-075fe2885996" testListId="8c84fa94-04c1-424b-9868-57a2d4851a1d" />
    <TestEntry testId="84f7cb45-277b-8fa5-f950-9af858c9fb7d" executionId="cbd5e647-c13a-4fba-b23e-8c1bf911c6f5" testListId="8c84fa94-04c1-424b-9868-57a2d4851a1d" />
    <TestEntry testId="4fc5e736-fee4-444d-ad95-54097cb4c5f3" executionId="60cbd7cc-f698-4c2f-9b62-7d18f69565a0" testListId="8c84fa94-04c1-424b-9868-57a2d4851a1d" />
    <TestEntry testId="bbd66be9-1dc4-92d0-a2a0-1b21635be657" executionId="0b9fc912-6fe4-41b9-957b-23b41d2a70e8" testListId="8c84fa94-04c1-424b-9868-57a2d4851a1d" />
    <TestEntry testId="2ee8a604-c323-e508-4304-669bc2d9e971" executionId="e3c84719-3c63-4c83-a134-8197b015df9f" testListId="8c84fa94-04c1-424b-9868-57a2d4851a1d" />
    <TestEntry testId="c80877f6-18f8-216e-baf6-d96aed9d9f70" executionId="34246961-7d7b-487a-ac9f-8cd2ff4048c1" testListId="8c84fa94-04c1-424b-9868-57a2d4851a1d" />
  </TestEntries>
  <TestLists>
    <TestList name="Results Not in a List" id="8c84fa94-04c1-424b-9868-57a2d4851a1d" />
    <TestList name="All Loaded Results" id="19431567-8539-422a-85d7-44ee4e166bda" />
  </TestLists>
  <ResultSummary outcome="Completed">
    <Counters total="10" executed="10" passed="10" failed="0" error="0" timeout="0" aborted="0" inconclusive="0" passedButRunAborted="0" notRunnable="0" notExecuted="0" disconnected="0" warning="0" completed="0" inProgress="0" pending="0" />
    <Output>
      <StdOut>[xUnit.net 00:00:00.00] xUnit.net VSTest Adapter v2.8.2+699d445a1a (64-bit .NET 9.0.7)
[xUnit.net 00:00:00.09]   Discovering: SistemaBancario.Aplicacao.Tests
[xUnit.net 00:00:00.19]   Discovered:  SistemaBancario.Aplicacao.Tests
[xUnit.net 00:00:00.20]   Starting:    SistemaBancario.Aplicacao.Tests
[xUnit.net 00:00:00.45]   Finished:    SistemaBancario.Aplicacao.Tests
</StdOut>
    </Output>
  </ResultSummary>
</TestRun>